Arguments: 
  C:\Program Files\nodejs\node.exe C:\Program Files (x86)\Yarn\bin\yarn.js install

PATH: 
  E:\pythons\;E:\pythons\Scripts;C:\Program Files (x86)\Common Files\Oracle\Java\javapath;C:\Program Files (x86)\Common Files\NetSarang;C:\Program Files\Java\jdk-11.0.2\bin;C:\Python27\;C:\Python27\Scripts;C:\Program Files (x86)\Intel\iCLS Client\;C:\Program Files\Intel\iCLS Client\;C:\Windows\system32;C:\Windows;C:\Windows\System32\Wbem;C:\Windows\System32\WindowsPowerShell\v1.0\;C:\Program Files (x86)\NVIDIA Corporation\PhysX\Common;C:\Program Files (x86)\Intel\Intel(R) Management Engine Components\DAL;C:\Program Files\Intel\Intel(R) Management Engine Components\DAL;C:\Program Files (x86)\Intel\Intel(R) Management Engine Components\IPT;C:\Program Files\Intel\Intel(R) Management Engine Components\IPT;C:\WINDOWS\system32;C:\WINDOWS;C:\WINDOWS\System32\Wbem;C:\WINDOWS\System32\WindowsPowerShell\v1.0\;E:\svn\bin;E:\newwork\javahome\apache-maven-3.2.5\bin;C:\WINDOWS\System32\OpenSSH\;C:\Program Files\Git\cmd;D:\新建文件夹 (3)\AOMEI Backupper;D:\flutter\flutter\bin;C:\Program Files\nodejs\;C:\Program Files (x86)\Yarn\bin\;C:\Program Files\nodejs\node_global\bin\;C:\Program Files\Redis\;C:\Users\mengchengchang\AppData\Local\Microsoft\WindowsApps;F:\idea\IntelliJ IDEA 2018.3.3\bin;F:\Microsoft VS Code\bin;C:\Users\mengchengchang\AppData\Roaming\npm;C:\Users\mengchengchang\AppData\Local\Yarn\bin;C:\Program Files\nodejs\node_global

Yarn version: 
  1.19.1

Node version: 
  10.15.3

Platform: 
  win32 x64

Trace: 
  Error: connect ETIMEDOUT 104.16.19.35:443
      at TCPConnectWrap.afterConnect [as oncomplete] (net.js:1097:14)

npm manifest: 
  {
    "name": "weapp",
    "version": "1.0.0",
    "private": true,
    "description": "my weapp",
    "templateInfo": {
      "name": "redux",
      "typescript": true,
      "css": "sass"
    },
    "scripts": {
      "build:weapp": "taro build --type weapp",
      "build:swan": "taro build --type swan",
      "build:alipay": "taro build --type alipay",
      "build:tt": "taro build --type tt",
      "build:h5": "taro build --type h5",
      "build:rn": "taro build --type rn",
      "build:qq": "taro build --type qq",
      "build:quickapp": "taro build --type quickapp",
      "dev:weapp": "npm run build:weapp -- --watch",
      "dev:swan": "npm run build:swan -- --watch",
      "dev:alipay": "npm run build:alipay -- --watch",
      "dev:tt": "npm run build:tt -- --watch",
      "dev:h5": "npm run build:h5 -- --watch",
      "dev:rn": "npm run build:rn -- --watch",
      "dev:qq": "npm run build:qq -- --watch",
      "dev:quickapp": "npm run build:quickapp -- --watch"
    },
    "author": "",
    "license": "MIT",
    "dependencies": {
      "@tarojs/components": "2.2.6",
      "@tarojs/components-qa": "2.2.6",
      "@tarojs/redux": "2.2.6",
      "@tarojs/redux-h5": "2.2.6",
      "@tarojs/router": "2.2.6",
      "@tarojs/taro": "2.2.6",
      "@tarojs/taro-alipay": "2.2.6",
      "@tarojs/taro-h5": "2.2.6",
      "@tarojs/taro-qq": "2.2.6",
      "@tarojs/taro-quickapp": "2.2.6",
      "@tarojs/taro-swan": "2.2.6",
      "@tarojs/taro-tt": "2.2.6",
      "@tarojs/taro-weapp": "2.2.6",
      "babel-runtime": "^6.26.0",
      "nervjs": "^1.5.5",
      "nerv-devtools": "^1.5.5",
      "redux": "^4.0.0",
      "redux-logger": "^3.0.6",
      "redux-thunk": "^2.3.0",
      "regenerator-runtime": "0.11.1"
    },
    "devDependencies": {
      "@types/react": "^16.4.8",
      "@types/webpack-env": "^1.13.6",
      "@tarojs/mini-runner": "2.2.6",
      "@tarojs/webpack-runner": "2.2.6",
      "babel-plugin-transform-class-properties": "^6.24.1",
      "babel-plugin-transform-decorators-legacy": "^1.3.4",
      "babel-plugin-transform-jsx-stylesheet": "^0.6.5",
      "babel-plugin-transform-object-rest-spread": "^6.26.0",
      "babel-plugin-transform-runtime": "^6.23.0",
      "babel-preset-env": "^1.6.1",
      "babel-eslint": "^8.2.3",
      "eslint": "^5.16.0",
      "eslint-config-taro": "2.2.6",
      "eslint-plugin-react": "^7.8.2",
      "eslint-plugin-react-hooks": "^1.6.1",
      "eslint-plugin-import": "^2.12.0",
      "stylelint": "9.3.0",
      "stylelint-config-taro-rn": "2.2.6",
      "stylelint-taro-rn": "2.2.6",
      "eslint-plugin-taro": "2.2.6",
      "@typescript-eslint/eslint-plugin": "^2.13.0",
      "@typescript-eslint/parser": "^2.13.0",
      "typescript": "^3.0.1"
    }
  }

yarn manifest: 
  No manifest

Lockfile: 
  No lockfile
